2022-09-03 18:51:54,468 [Worker-0: Loading available Gradle versions] INFO  o.e.b.c.i.u.g.PublishedGradleVersions - Gradle version information cache is up-to-date. Trying to read.
2022-09-03 19:03:36,848 [Worker-7: Repository registry initialization] WARN  o.e.m.c.internal.embedder.MavenImpl - Failed to decrypt password for server apx: org.sonatype.plexus.components.sec.dispatcher.SecDispatcherException: java.io.FileNotFoundException: C:\Users\jstor\.m2\settings-security.xml (El sistema no puede encontrar el archivo especificado)
org.sonatype.plexus.components.sec.dispatcher.SecDispatcherException: org.sonatype.plexus.components.sec.dispatcher.SecDispatcherException: java.io.FileNotFoundException: C:\Users\jstor\.m2\settings-security.xml (El sistema no puede encontrar el archivo especificado)
	at org.sonatype.plexus.components.sec.dispatcher.DefaultSecDispatcher.decrypt(DefaultSecDispatcher.java:140) ~[na:na]
	at org.apache.maven.settings.crypto.DefaultSettingsDecrypter.decrypt(DefaultSettingsDecrypter.java:114) ~[na:na]
	at org.apache.maven.settings.crypto.DefaultSettingsDecrypter.decrypt(DefaultSettingsDecrypter.java:70) ~[na:na]
	at org.eclipse.m2e.core.internal.embedder.MavenImpl.decryptPassword(MavenImpl.java:559) ~[na:na]
	at org.eclipse.m2e.core.internal.repository.RepositoryRegistry.getAuthenticationInfo(RepositoryRegistry.java:217) ~[na:na]
	at org.eclipse.m2e.core.internal.repository.RepositoryRegistry.updateRegistry(RepositoryRegistry.java:261) ~[na:na]
	at org.eclipse.m2e.core.internal.repository.RepositoryRegistryUpdateJob.run(RepositoryRegistryUpdateJob.java:50) ~[na:na]
	at org.eclipse.core.internal.jobs.Worker.run(Worker.java:63) ~[org.eclipse.core.jobs_3.13.0.v20220512-1935.jar:na]
Caused by: org.sonatype.plexus.components.sec.dispatcher.SecDispatcherException: java.io.FileNotFoundException: C:\Users\jstor\.m2\settings-security.xml (El sistema no puede encontrar el archivo especificado)
	at org.sonatype.plexus.components.sec.dispatcher.SecUtil.read(SecUtil.java:66) ~[na:na]
	at org.sonatype.plexus.components.sec.dispatcher.DefaultSecDispatcher.getSec(DefaultSecDispatcher.java:229) ~[na:na]
	at org.sonatype.plexus.components.sec.dispatcher.DefaultSecDispatcher.decrypt(DefaultSecDispatcher.java:109) ~[na:na]
	... 7 common frames omitted
Caused by: java.io.FileNotFoundException: C:\Users\jstor\.m2\settings-security.xml (El sistema no puede encontrar el archivo especificado)
	at java.base/java.io.FileInputStream.open0(Native Method) ~[na:na]
	at java.base/java.io.FileInputStream.open(FileInputStream.java:216) ~[na:na]
	at java.base/java.io.FileInputStream.<init>(FileInputStream.java:157) ~[na:na]
	at java.base/java.io.FileInputStream.<init>(FileInputStream.java:111) ~[na:na]
	at org.sonatype.plexus.components.sec.dispatcher.SecUtil.toStream(SecUtil.java:95) ~[na:na]
	at org.sonatype.plexus.components.sec.dispatcher.SecUtil.read(SecUtil.java:53) ~[na:na]
	... 9 common frames omitted
2022-09-03 19:03:36,866 [Worker-7: Repository registry initialization] WARN  o.e.m.c.internal.embedder.MavenImpl - Failed to decrypt password for server apx: org.sonatype.plexus.components.sec.dispatcher.SecDispatcherException: java.io.FileNotFoundException: C:\Users\jstor\.m2\settings-security.xml (El sistema no puede encontrar el archivo especificado)
org.sonatype.plexus.components.sec.dispatcher.SecDispatcherException: org.sonatype.plexus.components.sec.dispatcher.SecDispatcherException: java.io.FileNotFoundException: C:\Users\jstor\.m2\settings-security.xml (El sistema no puede encontrar el archivo especificado)
	at org.sonatype.plexus.components.sec.dispatcher.DefaultSecDispatcher.decrypt(DefaultSecDispatcher.java:140) ~[na:na]
	at org.apache.maven.settings.crypto.DefaultSettingsDecrypter.decrypt(DefaultSettingsDecrypter.java:114) ~[na:na]
	at org.apache.maven.settings.crypto.DefaultSettingsDecrypter.decrypt(DefaultSettingsDecrypter.java:70) ~[na:na]
	at org.eclipse.m2e.core.internal.embedder.MavenImpl.decryptPassword(MavenImpl.java:559) ~[na:na]
	at org.eclipse.m2e.core.internal.repository.RepositoryRegistry.getAuthenticationInfo(RepositoryRegistry.java:217) ~[na:na]
	at org.eclipse.m2e.core.internal.repository.RepositoryRegistry.updateRegistry(RepositoryRegistry.java:261) ~[na:na]
	at org.eclipse.m2e.core.internal.repository.RepositoryRegistryUpdateJob.run(RepositoryRegistryUpdateJob.java:50) ~[na:na]
	at org.eclipse.core.internal.jobs.Worker.run(Worker.java:63) ~[org.eclipse.core.jobs_3.13.0.v20220512-1935.jar:na]
Caused by: org.sonatype.plexus.components.sec.dispatcher.SecDispatcherException: java.io.FileNotFoundException: C:\Users\jstor\.m2\settings-security.xml (El sistema no puede encontrar el archivo especificado)
	at org.sonatype.plexus.components.sec.dispatcher.SecUtil.read(SecUtil.java:66) ~[na:na]
	at org.sonatype.plexus.components.sec.dispatcher.DefaultSecDispatcher.getSec(DefaultSecDispatcher.java:229) ~[na:na]
	at org.sonatype.plexus.components.sec.dispatcher.DefaultSecDispatcher.decrypt(DefaultSecDispatcher.java:109) ~[na:na]
	... 7 common frames omitted
Caused by: java.io.FileNotFoundException: C:\Users\jstor\.m2\settings-security.xml (El sistema no puede encontrar el archivo especificado)
	at java.base/java.io.FileInputStream.open0(Native Method) ~[na:na]
	at java.base/java.io.FileInputStream.open(FileInputStream.java:216) ~[na:na]
	at java.base/java.io.FileInputStream.<init>(FileInputStream.java:157) ~[na:na]
	at java.base/java.io.FileInputStream.<init>(FileInputStream.java:111) ~[na:na]
	at org.sonatype.plexus.components.sec.dispatcher.SecUtil.toStream(SecUtil.java:95) ~[na:na]
	at org.sonatype.plexus.components.sec.dispatcher.SecUtil.read(SecUtil.java:53) ~[na:na]
	... 9 common frames omitted
2022-09-04 15:21:08,750 [Worker-7: Loading available Gradle versions] INFO  o.e.b.c.i.u.g.PublishedGradleVersions - Gradle version information cache is up-to-date. Trying to read.
2022-09-04 15:22:04,648 [Worker-11: Repository registry initialization] WARN  o.e.m.c.internal.embedder.MavenImpl - Failed to decrypt password for server apx: org.sonatype.plexus.components.sec.dispatcher.SecDispatcherException: java.io.FileNotFoundException: C:\Users\jstor\.m2\settings-security.xml (El sistema no puede encontrar el archivo especificado)
org.sonatype.plexus.components.sec.dispatcher.SecDispatcherException: org.sonatype.plexus.components.sec.dispatcher.SecDispatcherException: java.io.FileNotFoundException: C:\Users\jstor\.m2\settings-security.xml (El sistema no puede encontrar el archivo especificado)
	at org.sonatype.plexus.components.sec.dispatcher.DefaultSecDispatcher.decrypt(DefaultSecDispatcher.java:140) ~[na:na]
	at org.apache.maven.settings.crypto.DefaultSettingsDecrypter.decrypt(DefaultSettingsDecrypter.java:114) ~[na:na]
	at org.apache.maven.settings.crypto.DefaultSettingsDecrypter.decrypt(DefaultSettingsDecrypter.java:70) ~[na:na]
	at org.eclipse.m2e.core.internal.embedder.MavenImpl.decryptPassword(MavenImpl.java:559) ~[na:na]
	at org.eclipse.m2e.core.internal.repository.RepositoryRegistry.getAuthenticationInfo(RepositoryRegistry.java:217) ~[na:na]
	at org.eclipse.m2e.core.internal.repository.RepositoryRegistry.updateRegistry(RepositoryRegistry.java:261) ~[na:na]
	at org.eclipse.m2e.core.internal.repository.RepositoryRegistryUpdateJob.run(RepositoryRegistryUpdateJob.java:50) ~[na:na]
	at org.eclipse.core.internal.jobs.Worker.run(Worker.java:63) ~[org.eclipse.core.jobs_3.13.0.v20220512-1935.jar:na]
Caused by: org.sonatype.plexus.components.sec.dispatcher.SecDispatcherException: java.io.FileNotFoundException: C:\Users\jstor\.m2\settings-security.xml (El sistema no puede encontrar el archivo especificado)
	at org.sonatype.plexus.components.sec.dispatcher.SecUtil.read(SecUtil.java:66) ~[na:na]
	at org.sonatype.plexus.components.sec.dispatcher.DefaultSecDispatcher.getSec(DefaultSecDispatcher.java:229) ~[na:na]
	at org.sonatype.plexus.components.sec.dispatcher.DefaultSecDispatcher.decrypt(DefaultSecDispatcher.java:109) ~[na:na]
	... 7 common frames omitted
Caused by: java.io.FileNotFoundException: C:\Users\jstor\.m2\settings-security.xml (El sistema no puede encontrar el archivo especificado)
	at java.base/java.io.FileInputStream.open0(Native Method) ~[na:na]
	at java.base/java.io.FileInputStream.open(FileInputStream.java:216) ~[na:na]
	at java.base/java.io.FileInputStream.<init>(FileInputStream.java:157) ~[na:na]
	at java.base/java.io.FileInputStream.<init>(FileInputStream.java:111) ~[na:na]
	at org.sonatype.plexus.components.sec.dispatcher.SecUtil.toStream(SecUtil.java:95) ~[na:na]
	at org.sonatype.plexus.components.sec.dispatcher.SecUtil.read(SecUtil.java:53) ~[na:na]
	... 9 common frames omitted
2022-09-04 15:22:04,675 [Worker-11: Repository registry initialization] WARN  o.e.m.c.internal.embedder.MavenImpl - Failed to decrypt password for server apx: org.sonatype.plexus.components.sec.dispatcher.SecDispatcherException: java.io.FileNotFoundException: C:\Users\jstor\.m2\settings-security.xml (El sistema no puede encontrar el archivo especificado)
org.sonatype.plexus.components.sec.dispatcher.SecDispatcherException: org.sonatype.plexus.components.sec.dispatcher.SecDispatcherException: java.io.FileNotFoundException: C:\Users\jstor\.m2\settings-security.xml (El sistema no puede encontrar el archivo especificado)
	at org.sonatype.plexus.components.sec.dispatcher.DefaultSecDispatcher.decrypt(DefaultSecDispatcher.java:140) ~[na:na]
	at org.apache.maven.settings.crypto.DefaultSettingsDecrypter.decrypt(DefaultSettingsDecrypter.java:114) ~[na:na]
	at org.apache.maven.settings.crypto.DefaultSettingsDecrypter.decrypt(DefaultSettingsDecrypter.java:70) ~[na:na]
	at org.eclipse.m2e.core.internal.embedder.MavenImpl.decryptPassword(MavenImpl.java:559) ~[na:na]
	at org.eclipse.m2e.core.internal.repository.RepositoryRegistry.getAuthenticationInfo(RepositoryRegistry.java:217) ~[na:na]
	at org.eclipse.m2e.core.internal.repository.RepositoryRegistry.updateRegistry(RepositoryRegistry.java:261) ~[na:na]
	at org.eclipse.m2e.core.internal.repository.RepositoryRegistryUpdateJob.run(RepositoryRegistryUpdateJob.java:50) ~[na:na]
	at org.eclipse.core.internal.jobs.Worker.run(Worker.java:63) ~[org.eclipse.core.jobs_3.13.0.v20220512-1935.jar:na]
Caused by: org.sonatype.plexus.components.sec.dispatcher.SecDispatcherException: java.io.FileNotFoundException: C:\Users\jstor\.m2\settings-security.xml (El sistema no puede encontrar el archivo especificado)
	at org.sonatype.plexus.components.sec.dispatcher.SecUtil.read(SecUtil.java:66) ~[na:na]
	at org.sonatype.plexus.components.sec.dispatcher.DefaultSecDispatcher.getSec(DefaultSecDispatcher.java:229) ~[na:na]
	at org.sonatype.plexus.components.sec.dispatcher.DefaultSecDispatcher.decrypt(DefaultSecDispatcher.java:109) ~[na:na]
	... 7 common frames omitted
Caused by: java.io.FileNotFoundException: C:\Users\jstor\.m2\settings-security.xml (El sistema no puede encontrar el archivo especificado)
	at java.base/java.io.FileInputStream.open0(Native Method) ~[na:na]
	at java.base/java.io.FileInputStream.open(FileInputStream.java:216) ~[na:na]
	at java.base/java.io.FileInputStream.<init>(FileInputStream.java:157) ~[na:na]
	at java.base/java.io.FileInputStream.<init>(FileInputStream.java:111) ~[na:na]
	at org.sonatype.plexus.components.sec.dispatcher.SecUtil.toStream(SecUtil.java:95) ~[na:na]
	at org.sonatype.plexus.components.sec.dispatcher.SecUtil.read(SecUtil.java:53) ~[na:na]
	... 9 common frames omitted
2022-09-05 18:03:57,435 [Worker-0: Loading available Gradle versions] INFO  o.e.b.c.i.u.g.PublishedGradleVersions - Gradle version information cache is out-of-date. Trying to update.
2022-09-05 18:04:13,789 [Worker-0: Repository registry initialization] WARN  o.e.m.c.internal.embedder.MavenImpl - Failed to decrypt password for server apx: org.sonatype.plexus.components.sec.dispatcher.SecDispatcherException: java.io.FileNotFoundException: C:\Users\jstor\.m2\settings-security.xml (El sistema no puede encontrar el archivo especificado)
org.sonatype.plexus.components.sec.dispatcher.SecDispatcherException: org.sonatype.plexus.components.sec.dispatcher.SecDispatcherException: java.io.FileNotFoundException: C:\Users\jstor\.m2\settings-security.xml (El sistema no puede encontrar el archivo especificado)
	at org.sonatype.plexus.components.sec.dispatcher.DefaultSecDispatcher.decrypt(DefaultSecDispatcher.java:140) ~[na:na]
	at org.apache.maven.settings.crypto.DefaultSettingsDecrypter.decrypt(DefaultSettingsDecrypter.java:114) ~[na:na]
	at org.apache.maven.settings.crypto.DefaultSettingsDecrypter.decrypt(DefaultSettingsDecrypter.java:70) ~[na:na]
	at org.eclipse.m2e.core.internal.embedder.MavenImpl.decryptPassword(MavenImpl.java:559) ~[na:na]
	at org.eclipse.m2e.core.internal.repository.RepositoryRegistry.getAuthenticationInfo(RepositoryRegistry.java:217) ~[na:na]
	at org.eclipse.m2e.core.internal.repository.RepositoryRegistry.updateRegistry(RepositoryRegistry.java:261) ~[na:na]
	at org.eclipse.m2e.core.internal.repository.RepositoryRegistryUpdateJob.run(RepositoryRegistryUpdateJob.java:50) ~[na:na]
	at org.eclipse.core.internal.jobs.Worker.run(Worker.java:63) ~[org.eclipse.core.jobs_3.13.0.v20220512-1935.jar:na]
Caused by: org.sonatype.plexus.components.sec.dispatcher.SecDispatcherException: java.io.FileNotFoundException: C:\Users\jstor\.m2\settings-security.xml (El sistema no puede encontrar el archivo especificado)
	at org.sonatype.plexus.components.sec.dispatcher.SecUtil.read(SecUtil.java:66) ~[na:na]
	at org.sonatype.plexus.components.sec.dispatcher.DefaultSecDispatcher.getSec(DefaultSecDispatcher.java:229) ~[na:na]
	at org.sonatype.plexus.components.sec.dispatcher.DefaultSecDispatcher.decrypt(DefaultSecDispatcher.java:109) ~[na:na]
	... 7 common frames omitted
Caused by: java.io.FileNotFoundException: C:\Users\jstor\.m2\settings-security.xml (El sistema no puede encontrar el archivo especificado)
	at java.base/java.io.FileInputStream.open0(Native Method) ~[na:na]
	at java.base/java.io.FileInputStream.open(FileInputStream.java:216) ~[na:na]
	at java.base/java.io.FileInputStream.<init>(FileInputStream.java:157) ~[na:na]
	at java.base/java.io.FileInputStream.<init>(FileInputStream.java:111) ~[na:na]
	at org.sonatype.plexus.components.sec.dispatcher.SecUtil.toStream(SecUtil.java:95) ~[na:na]
	at org.sonatype.plexus.components.sec.dispatcher.SecUtil.read(SecUtil.java:53) ~[na:na]
	... 9 common frames omitted
2022-09-05 18:04:14,017 [Worker-0: Repository registry initialization] WARN  o.e.m.c.internal.embedder.MavenImpl - Failed to decrypt password for server apx: org.sonatype.plexus.components.sec.dispatcher.SecDispatcherException: java.io.FileNotFoundException: C:\Users\jstor\.m2\settings-security.xml (El sistema no puede encontrar el archivo especificado)
org.sonatype.plexus.components.sec.dispatcher.SecDispatcherException: org.sonatype.plexus.components.sec.dispatcher.SecDispatcherException: java.io.FileNotFoundException: C:\Users\jstor\.m2\settings-security.xml (El sistema no puede encontrar el archivo especificado)
	at org.sonatype.plexus.components.sec.dispatcher.DefaultSecDispatcher.decrypt(DefaultSecDispatcher.java:140) ~[na:na]
	at org.apache.maven.settings.crypto.DefaultSettingsDecrypter.decrypt(DefaultSettingsDecrypter.java:114) ~[na:na]
	at org.apache.maven.settings.crypto.DefaultSettingsDecrypter.decrypt(DefaultSettingsDecrypter.java:70) ~[na:na]
	at org.eclipse.m2e.core.internal.embedder.MavenImpl.decryptPassword(MavenImpl.java:559) ~[na:na]
	at org.eclipse.m2e.core.internal.repository.RepositoryRegistry.getAuthenticationInfo(RepositoryRegistry.java:217) ~[na:na]
	at org.eclipse.m2e.core.internal.repository.RepositoryRegistry.updateRegistry(RepositoryRegistry.java:261) ~[na:na]
	at org.eclipse.m2e.core.internal.repository.RepositoryRegistryUpdateJob.run(RepositoryRegistryUpdateJob.java:50) ~[na:na]
	at org.eclipse.core.internal.jobs.Worker.run(Worker.java:63) ~[org.eclipse.core.jobs_3.13.0.v20220512-1935.jar:na]
Caused by: org.sonatype.plexus.components.sec.dispatcher.SecDispatcherException: java.io.FileNotFoundException: C:\Users\jstor\.m2\settings-security.xml (El sistema no puede encontrar el archivo especificado)
	at org.sonatype.plexus.components.sec.dispatcher.SecUtil.read(SecUtil.java:66) ~[na:na]
	at org.sonatype.plexus.components.sec.dispatcher.DefaultSecDispatcher.getSec(DefaultSecDispatcher.java:229) ~[na:na]
	at org.sonatype.plexus.components.sec.dispatcher.DefaultSecDispatcher.decrypt(DefaultSecDispatcher.java:109) ~[na:na]
	... 7 common frames omitted
Caused by: java.io.FileNotFoundException: C:\Users\jstor\.m2\settings-security.xml (El sistema no puede encontrar el archivo especificado)
	at java.base/java.io.FileInputStream.open0(Native Method) ~[na:na]
	at java.base/java.io.FileInputStream.open(FileInputStream.java:216) ~[na:na]
	at java.base/java.io.FileInputStream.<init>(FileInputStream.java:157) ~[na:na]
	at java.base/java.io.FileInputStream.<init>(FileInputStream.java:111) ~[na:na]
	at org.sonatype.plexus.components.sec.dispatcher.SecUtil.toStream(SecUtil.java:95) ~[na:na]
	at org.sonatype.plexus.components.sec.dispatcher.SecUtil.read(SecUtil.java:53) ~[na:na]
	... 9 common frames omitted
2022-09-07 20:04:05,071 [Worker-6: Loading available Gradle versions] INFO  o.e.b.c.i.u.g.PublishedGradleVersions - Gradle version information cache is out-of-date. Trying to update.
2022-09-07 20:04:16,021 [Worker-11: Repository registry initialization] WARN  o.e.m.c.internal.embedder.MavenImpl - Failed to decrypt password for server apx: org.sonatype.plexus.components.sec.dispatcher.SecDispatcherException: java.io.FileNotFoundException: C:\Users\jstor\.m2\settings-security.xml (El sistema no puede encontrar el archivo especificado)
org.sonatype.plexus.components.sec.dispatcher.SecDispatcherException: org.sonatype.plexus.components.sec.dispatcher.SecDispatcherException: java.io.FileNotFoundException: C:\Users\jstor\.m2\settings-security.xml (El sistema no puede encontrar el archivo especificado)
	at org.sonatype.plexus.components.sec.dispatcher.DefaultSecDispatcher.decrypt(DefaultSecDispatcher.java:140) ~[na:na]
	at org.apache.maven.settings.crypto.DefaultSettingsDecrypter.decrypt(DefaultSettingsDecrypter.java:114) ~[na:na]
	at org.apache.maven.settings.crypto.DefaultSettingsDecrypter.decrypt(DefaultSettingsDecrypter.java:70) ~[na:na]
	at org.eclipse.m2e.core.internal.embedder.MavenImpl.decryptPassword(MavenImpl.java:559) ~[na:na]
	at org.eclipse.m2e.core.internal.repository.RepositoryRegistry.getAuthenticationInfo(RepositoryRegistry.java:217) ~[na:na]
	at org.eclipse.m2e.core.internal.repository.RepositoryRegistry.updateRegistry(RepositoryRegistry.java:261) ~[na:na]
	at org.eclipse.m2e.core.internal.repository.RepositoryRegistryUpdateJob.run(RepositoryRegistryUpdateJob.java:50) ~[na:na]
	at org.eclipse.core.internal.jobs.Worker.run(Worker.java:63) ~[org.eclipse.core.jobs_3.13.0.v20220512-1935.jar:na]
Caused by: org.sonatype.plexus.components.sec.dispatcher.SecDispatcherException: java.io.FileNotFoundException: C:\Users\jstor\.m2\settings-security.xml (El sistema no puede encontrar el archivo especificado)
	at org.sonatype.plexus.components.sec.dispatcher.SecUtil.read(SecUtil.java:66) ~[na:na]
	at org.sonatype.plexus.components.sec.dispatcher.DefaultSecDispatcher.getSec(DefaultSecDispatcher.java:229) ~[na:na]
	at org.sonatype.plexus.components.sec.dispatcher.DefaultSecDispatcher.decrypt(DefaultSecDispatcher.java:109) ~[na:na]
	... 7 common frames omitted
Caused by: java.io.FileNotFoundException: C:\Users\jstor\.m2\settings-security.xml (El sistema no puede encontrar el archivo especificado)
	at java.base/java.io.FileInputStream.open0(Native Method) ~[na:na]
	at java.base/java.io.FileInputStream.open(FileInputStream.java:216) ~[na:na]
	at java.base/java.io.FileInputStream.<init>(FileInputStream.java:157) ~[na:na]
	at java.base/java.io.FileInputStream.<init>(FileInputStream.java:111) ~[na:na]
	at org.sonatype.plexus.components.sec.dispatcher.SecUtil.toStream(SecUtil.java:95) ~[na:na]
	at org.sonatype.plexus.components.sec.dispatcher.SecUtil.read(SecUtil.java:53) ~[na:na]
	... 9 common frames omitted
2022-09-07 20:04:16,101 [Worker-11: Repository registry initialization] WARN  o.e.m.c.internal.embedder.MavenImpl - Failed to decrypt password for server apx: org.sonatype.plexus.components.sec.dispatcher.SecDispatcherException: java.io.FileNotFoundException: C:\Users\jstor\.m2\settings-security.xml (El sistema no puede encontrar el archivo especificado)
org.sonatype.plexus.components.sec.dispatcher.SecDispatcherException: org.sonatype.plexus.components.sec.dispatcher.SecDispatcherException: java.io.FileNotFoundException: C:\Users\jstor\.m2\settings-security.xml (El sistema no puede encontrar el archivo especificado)
	at org.sonatype.plexus.components.sec.dispatcher.DefaultSecDispatcher.decrypt(DefaultSecDispatcher.java:140) ~[na:na]
	at org.apache.maven.settings.crypto.DefaultSettingsDecrypter.decrypt(DefaultSettingsDecrypter.java:114) ~[na:na]
	at org.apache.maven.settings.crypto.DefaultSettingsDecrypter.decrypt(DefaultSettingsDecrypter.java:70) ~[na:na]
	at org.eclipse.m2e.core.internal.embedder.MavenImpl.decryptPassword(MavenImpl.java:559) ~[na:na]
	at org.eclipse.m2e.core.internal.repository.RepositoryRegistry.getAuthenticationInfo(RepositoryRegistry.java:217) ~[na:na]
	at org.eclipse.m2e.core.internal.repository.RepositoryRegistry.updateRegistry(RepositoryRegistry.java:261) ~[na:na]
	at org.eclipse.m2e.core.internal.repository.RepositoryRegistryUpdateJob.run(RepositoryRegistryUpdateJob.java:50) ~[na:na]
	at org.eclipse.core.internal.jobs.Worker.run(Worker.java:63) ~[org.eclipse.core.jobs_3.13.0.v20220512-1935.jar:na]
Caused by: org.sonatype.plexus.components.sec.dispatcher.SecDispatcherException: java.io.FileNotFoundException: C:\Users\jstor\.m2\settings-security.xml (El sistema no puede encontrar el archivo especificado)
	at org.sonatype.plexus.components.sec.dispatcher.SecUtil.read(SecUtil.java:66) ~[na:na]
	at org.sonatype.plexus.components.sec.dispatcher.DefaultSecDispatcher.getSec(DefaultSecDispatcher.java:229) ~[na:na]
	at org.sonatype.plexus.components.sec.dispatcher.DefaultSecDispatcher.decrypt(DefaultSecDispatcher.java:109) ~[na:na]
	... 7 common frames omitted
Caused by: java.io.FileNotFoundException: C:\Users\jstor\.m2\settings-security.xml (El sistema no puede encontrar el archivo especificado)
	at java.base/java.io.FileInputStream.open0(Native Method) ~[na:na]
	at java.base/java.io.FileInputStream.open(FileInputStream.java:216) ~[na:na]
	at java.base/java.io.FileInputStream.<init>(FileInputStream.java:157) ~[na:na]
	at java.base/java.io.FileInputStream.<init>(FileInputStream.java:111) ~[na:na]
	at org.sonatype.plexus.components.sec.dispatcher.SecUtil.toStream(SecUtil.java:95) ~[na:na]
	at org.sonatype.plexus.components.sec.dispatcher.SecUtil.read(SecUtil.java:53) ~[na:na]
	... 9 common frames omitted
2022-09-08 18:00:01,075 [Worker-7: Loading available Gradle versions] INFO  o.e.b.c.i.u.g.PublishedGradleVersions - Gradle version information cache is up-to-date. Trying to read.
2022-09-08 18:00:09,228 [Worker-7: Repository registry initialization] WARN  o.e.m.c.internal.embedder.MavenImpl - Failed to decrypt password for server apx: org.sonatype.plexus.components.sec.dispatcher.SecDispatcherException: java.io.FileNotFoundException: C:\Users\jstor\.m2\settings-security.xml (El sistema no puede encontrar el archivo especificado)
org.sonatype.plexus.components.sec.dispatcher.SecDispatcherException: org.sonatype.plexus.components.sec.dispatcher.SecDispatcherException: java.io.FileNotFoundException: C:\Users\jstor\.m2\settings-security.xml (El sistema no puede encontrar el archivo especificado)
	at org.sonatype.plexus.components.sec.dispatcher.DefaultSecDispatcher.decrypt(DefaultSecDispatcher.java:140) ~[na:na]
	at org.apache.maven.settings.crypto.DefaultSettingsDecrypter.decrypt(DefaultSettingsDecrypter.java:114) ~[na:na]
	at org.apache.maven.settings.crypto.DefaultSettingsDecrypter.decrypt(DefaultSettingsDecrypter.java:70) ~[na:na]
	at org.eclipse.m2e.core.internal.embedder.MavenImpl.decryptPassword(MavenImpl.java:559) ~[na:na]
	at org.eclipse.m2e.core.internal.repository.RepositoryRegistry.getAuthenticationInfo(RepositoryRegistry.java:217) ~[na:na]
	at org.eclipse.m2e.core.internal.repository.RepositoryRegistry.updateRegistry(RepositoryRegistry.java:261) ~[na:na]
	at org.eclipse.m2e.core.internal.repository.RepositoryRegistryUpdateJob.run(RepositoryRegistryUpdateJob.java:50) ~[na:na]
	at org.eclipse.core.internal.jobs.Worker.run(Worker.java:63) ~[org.eclipse.core.jobs_3.13.0.v20220512-1935.jar:na]
Caused by: org.sonatype.plexus.components.sec.dispatcher.SecDispatcherException: java.io.FileNotFoundException: C:\Users\jstor\.m2\settings-security.xml (El sistema no puede encontrar el archivo especificado)
	at org.sonatype.plexus.components.sec.dispatcher.SecUtil.read(SecUtil.java:66) ~[na:na]
	at org.sonatype.plexus.components.sec.dispatcher.DefaultSecDispatcher.getSec(DefaultSecDispatcher.java:229) ~[na:na]
	at org.sonatype.plexus.components.sec.dispatcher.DefaultSecDispatcher.decrypt(DefaultSecDispatcher.java:109) ~[na:na]
	... 7 common frames omitted
Caused by: java.io.FileNotFoundException: C:\Users\jstor\.m2\settings-security.xml (El sistema no puede encontrar el archivo especificado)
	at java.base/java.io.FileInputStream.open0(Native Method) ~[na:na]
	at java.base/java.io.FileInputStream.open(FileInputStream.java:216) ~[na:na]
	at java.base/java.io.FileInputStream.<init>(FileInputStream.java:157) ~[na:na]
	at java.base/java.io.FileInputStream.<init>(FileInputStream.java:111) ~[na:na]
	at org.sonatype.plexus.components.sec.dispatcher.SecUtil.toStream(SecUtil.java:95) ~[na:na]
	at org.sonatype.plexus.components.sec.dispatcher.SecUtil.read(SecUtil.java:53) ~[na:na]
	... 9 common frames omitted
2022-09-08 18:00:09,265 [Worker-7: Repository registry initialization] WARN  o.e.m.c.internal.embedder.MavenImpl - Failed to decrypt password for server apx: org.sonatype.plexus.components.sec.dispatcher.SecDispatcherException: java.io.FileNotFoundException: C:\Users\jstor\.m2\settings-security.xml (El sistema no puede encontrar el archivo especificado)
org.sonatype.plexus.components.sec.dispatcher.SecDispatcherException: org.sonatype.plexus.components.sec.dispatcher.SecDispatcherException: java.io.FileNotFoundException: C:\Users\jstor\.m2\settings-security.xml (El sistema no puede encontrar el archivo especificado)
	at org.sonatype.plexus.components.sec.dispatcher.DefaultSecDispatcher.decrypt(DefaultSecDispatcher.java:140) ~[na:na]
	at org.apache.maven.settings.crypto.DefaultSettingsDecrypter.decrypt(DefaultSettingsDecrypter.java:114) ~[na:na]
	at org.apache.maven.settings.crypto.DefaultSettingsDecrypter.decrypt(DefaultSettingsDecrypter.java:70) ~[na:na]
	at org.eclipse.m2e.core.internal.embedder.MavenImpl.decryptPassword(MavenImpl.java:559) ~[na:na]
	at org.eclipse.m2e.core.internal.repository.RepositoryRegistry.getAuthenticationInfo(RepositoryRegistry.java:217) ~[na:na]
	at org.eclipse.m2e.core.internal.repository.RepositoryRegistry.updateRegistry(RepositoryRegistry.java:261) ~[na:na]
	at org.eclipse.m2e.core.internal.repository.RepositoryRegistryUpdateJob.run(RepositoryRegistryUpdateJob.java:50) ~[na:na]
	at org.eclipse.core.internal.jobs.Worker.run(Worker.java:63) ~[org.eclipse.core.jobs_3.13.0.v20220512-1935.jar:na]
Caused by: org.sonatype.plexus.components.sec.dispatcher.SecDispatcherException: java.io.FileNotFoundException: C:\Users\jstor\.m2\settings-security.xml (El sistema no puede encontrar el archivo especificado)
	at org.sonatype.plexus.components.sec.dispatcher.SecUtil.read(SecUtil.java:66) ~[na:na]
	at org.sonatype.plexus.components.sec.dispatcher.DefaultSecDispatcher.getSec(DefaultSecDispatcher.java:229) ~[na:na]
	at org.sonatype.plexus.components.sec.dispatcher.DefaultSecDispatcher.decrypt(DefaultSecDispatcher.java:109) ~[na:na]
	... 7 common frames omitted
Caused by: java.io.FileNotFoundException: C:\Users\jstor\.m2\settings-security.xml (El sistema no puede encontrar el archivo especificado)
	at java.base/java.io.FileInputStream.open0(Native Method) ~[na:na]
	at java.base/java.io.FileInputStream.open(FileInputStream.java:216) ~[na:na]
	at java.base/java.io.FileInputStream.<init>(FileInputStream.java:157) ~[na:na]
	at java.base/java.io.FileInputStream.<init>(FileInputStream.java:111) ~[na:na]
	at org.sonatype.plexus.components.sec.dispatcher.SecUtil.toStream(SecUtil.java:95) ~[na:na]
	at org.sonatype.plexus.components.sec.dispatcher.SecUtil.read(SecUtil.java:53) ~[na:na]
	... 9 common frames omitted
2022-09-10 17:41:58,404 [Worker-1: Loading available Gradle versions] INFO  o.e.b.c.i.u.g.PublishedGradleVersions - Gradle version information cache is out-of-date. Trying to update.
2022-09-10 17:42:14,415 [Worker-0: Repository registry initialization] WARN  o.e.m.c.internal.embedder.MavenImpl - Failed to decrypt password for server apx: org.sonatype.plexus.components.sec.dispatcher.SecDispatcherException: java.io.FileNotFoundException: C:\Users\jstor\.m2\settings-security.xml (El sistema no puede encontrar el archivo especificado)
org.sonatype.plexus.components.sec.dispatcher.SecDispatcherException: org.sonatype.plexus.components.sec.dispatcher.SecDispatcherException: java.io.FileNotFoundException: C:\Users\jstor\.m2\settings-security.xml (El sistema no puede encontrar el archivo especificado)
	at org.sonatype.plexus.components.sec.dispatcher.DefaultSecDispatcher.decrypt(DefaultSecDispatcher.java:140) ~[na:na]
	at org.apache.maven.settings.crypto.DefaultSettingsDecrypter.decrypt(DefaultSettingsDecrypter.java:114) ~[na:na]
	at org.apache.maven.settings.crypto.DefaultSettingsDecrypter.decrypt(DefaultSettingsDecrypter.java:70) ~[na:na]
	at org.eclipse.m2e.core.internal.embedder.MavenImpl.decryptPassword(MavenImpl.java:559) ~[na:na]
	at org.eclipse.m2e.core.internal.repository.RepositoryRegistry.getAuthenticationInfo(RepositoryRegistry.java:217) ~[na:na]
	at org.eclipse.m2e.core.internal.repository.RepositoryRegistry.updateRegistry(RepositoryRegistry.java:261) ~[na:na]
	at org.eclipse.m2e.core.internal.repository.RepositoryRegistryUpdateJob.run(RepositoryRegistryUpdateJob.java:50) ~[na:na]
	at org.eclipse.core.internal.jobs.Worker.run(Worker.java:63) ~[org.eclipse.core.jobs_3.13.0.v20220512-1935.jar:na]
Caused by: org.sonatype.plexus.components.sec.dispatcher.SecDispatcherException: java.io.FileNotFoundException: C:\Users\jstor\.m2\settings-security.xml (El sistema no puede encontrar el archivo especificado)
	at org.sonatype.plexus.components.sec.dispatcher.SecUtil.read(SecUtil.java:66) ~[na:na]
	at org.sonatype.plexus.components.sec.dispatcher.DefaultSecDispatcher.getSec(DefaultSecDispatcher.java:229) ~[na:na]
	at org.sonatype.plexus.components.sec.dispatcher.DefaultSecDispatcher.decrypt(DefaultSecDispatcher.java:109) ~[na:na]
	... 7 common frames omitted
Caused by: java.io.FileNotFoundException: C:\Users\jstor\.m2\settings-security.xml (El sistema no puede encontrar el archivo especificado)
	at java.base/java.io.FileInputStream.open0(Native Method) ~[na:na]
	at java.base/java.io.FileInputStream.open(FileInputStream.java:216) ~[na:na]
	at java.base/java.io.FileInputStream.<init>(FileInputStream.java:157) ~[na:na]
	at java.base/java.io.FileInputStream.<init>(FileInputStream.java:111) ~[na:na]
	at org.sonatype.plexus.components.sec.dispatcher.SecUtil.toStream(SecUtil.java:95) ~[na:na]
	at org.sonatype.plexus.components.sec.dispatcher.SecUtil.read(SecUtil.java:53) ~[na:na]
	... 9 common frames omitted
2022-09-10 17:42:14,473 [Worker-0: Repository registry initialization] WARN  o.e.m.c.internal.embedder.MavenImpl - Failed to decrypt password for server apx: org.sonatype.plexus.components.sec.dispatcher.SecDispatcherException: java.io.FileNotFoundException: C:\Users\jstor\.m2\settings-security.xml (El sistema no puede encontrar el archivo especificado)
org.sonatype.plexus.components.sec.dispatcher.SecDispatcherException: org.sonatype.plexus.components.sec.dispatcher.SecDispatcherException: java.io.FileNotFoundException: C:\Users\jstor\.m2\settings-security.xml (El sistema no puede encontrar el archivo especificado)
	at org.sonatype.plexus.components.sec.dispatcher.DefaultSecDispatcher.decrypt(DefaultSecDispatcher.java:140) ~[na:na]
	at org.apache.maven.settings.crypto.DefaultSettingsDecrypter.decrypt(DefaultSettingsDecrypter.java:114) ~[na:na]
	at org.apache.maven.settings.crypto.DefaultSettingsDecrypter.decrypt(DefaultSettingsDecrypter.java:70) ~[na:na]
	at org.eclipse.m2e.core.internal.embedder.MavenImpl.decryptPassword(MavenImpl.java:559) ~[na:na]
	at org.eclipse.m2e.core.internal.repository.RepositoryRegistry.getAuthenticationInfo(RepositoryRegistry.java:217) ~[na:na]
	at org.eclipse.m2e.core.internal.repository.RepositoryRegistry.updateRegistry(RepositoryRegistry.java:261) ~[na:na]
	at org.eclipse.m2e.core.internal.repository.RepositoryRegistryUpdateJob.run(RepositoryRegistryUpdateJob.java:50) ~[na:na]
	at org.eclipse.core.internal.jobs.Worker.run(Worker.java:63) ~[org.eclipse.core.jobs_3.13.0.v20220512-1935.jar:na]
Caused by: org.sonatype.plexus.components.sec.dispatcher.SecDispatcherException: java.io.FileNotFoundException: C:\Users\jstor\.m2\settings-security.xml (El sistema no puede encontrar el archivo especificado)
	at org.sonatype.plexus.components.sec.dispatcher.SecUtil.read(SecUtil.java:66) ~[na:na]
	at org.sonatype.plexus.components.sec.dispatcher.DefaultSecDispatcher.getSec(DefaultSecDispatcher.java:229) ~[na:na]
	at org.sonatype.plexus.components.sec.dispatcher.DefaultSecDispatcher.decrypt(DefaultSecDispatcher.java:109) ~[na:na]
	... 7 common frames omitted
Caused by: java.io.FileNotFoundException: C:\Users\jstor\.m2\settings-security.xml (El sistema no puede encontrar el archivo especificado)
	at java.base/java.io.FileInputStream.open0(Native Method) ~[na:na]
	at java.base/java.io.FileInputStream.open(FileInputStream.java:216) ~[na:na]
	at java.base/java.io.FileInputStream.<init>(FileInputStream.java:157) ~[na:na]
	at java.base/java.io.FileInputStream.<init>(FileInputStream.java:111) ~[na:na]
	at org.sonatype.plexus.components.sec.dispatcher.SecUtil.toStream(SecUtil.java:95) ~[na:na]
	at org.sonatype.plexus.components.sec.dispatcher.SecUtil.read(SecUtil.java:53) ~[na:na]
	... 9 common frames omitted
2022-09-14 18:28:25,187 [Worker-7: Loading available Gradle versions] INFO  o.e.b.c.i.u.g.PublishedGradleVersions - Gradle version information cache is out-of-date. Trying to update.
2022-09-14 18:28:43,980 [Worker-4: Repository registry initialization] WARN  o.e.m.c.internal.embedder.MavenImpl - Failed to decrypt password for server apx: org.sonatype.plexus.components.sec.dispatcher.SecDispatcherException: java.io.FileNotFoundException: C:\Users\jstor\.m2\settings-security.xml (El sistema no puede encontrar el archivo especificado)
org.sonatype.plexus.components.sec.dispatcher.SecDispatcherException: org.sonatype.plexus.components.sec.dispatcher.SecDispatcherException: java.io.FileNotFoundException: C:\Users\jstor\.m2\settings-security.xml (El sistema no puede encontrar el archivo especificado)
	at org.sonatype.plexus.components.sec.dispatcher.DefaultSecDispatcher.decrypt(DefaultSecDispatcher.java:140) ~[na:na]
	at org.apache.maven.settings.crypto.DefaultSettingsDecrypter.decrypt(DefaultSettingsDecrypter.java:114) ~[na:na]
	at org.apache.maven.settings.crypto.DefaultSettingsDecrypter.decrypt(DefaultSettingsDecrypter.java:70) ~[na:na]
	at org.eclipse.m2e.core.internal.embedder.MavenImpl.decryptPassword(MavenImpl.java:559) ~[na:na]
	at org.eclipse.m2e.core.internal.repository.RepositoryRegistry.getAuthenticationInfo(RepositoryRegistry.java:217) ~[na:na]
	at org.eclipse.m2e.core.internal.repository.RepositoryRegistry.updateRegistry(RepositoryRegistry.java:261) ~[na:na]
	at org.eclipse.m2e.core.internal.repository.RepositoryRegistryUpdateJob.run(RepositoryRegistryUpdateJob.java:50) ~[na:na]
	at org.eclipse.core.internal.jobs.Worker.run(Worker.java:63) ~[org.eclipse.core.jobs_3.13.0.v20220512-1935.jar:na]
Caused by: org.sonatype.plexus.components.sec.dispatcher.SecDispatcherException: java.io.FileNotFoundException: C:\Users\jstor\.m2\settings-security.xml (El sistema no puede encontrar el archivo especificado)
	at org.sonatype.plexus.components.sec.dispatcher.SecUtil.read(SecUtil.java:66) ~[na:na]
	at org.sonatype.plexus.components.sec.dispatcher.DefaultSecDispatcher.getSec(DefaultSecDispatcher.java:229) ~[na:na]
	at org.sonatype.plexus.components.sec.dispatcher.DefaultSecDispatcher.decrypt(DefaultSecDispatcher.java:109) ~[na:na]
	... 7 common frames omitted
Caused by: java.io.FileNotFoundException: C:\Users\jstor\.m2\settings-security.xml (El sistema no puede encontrar el archivo especificado)
	at java.base/java.io.FileInputStream.open0(Native Method) ~[na:na]
	at java.base/java.io.FileInputStream.open(FileInputStream.java:216) ~[na:na]
	at java.base/java.io.FileInputStream.<init>(FileInputStream.java:157) ~[na:na]
	at java.base/java.io.FileInputStream.<init>(FileInputStream.java:111) ~[na:na]
	at org.sonatype.plexus.components.sec.dispatcher.SecUtil.toStream(SecUtil.java:95) ~[na:na]
	at org.sonatype.plexus.components.sec.dispatcher.SecUtil.read(SecUtil.java:53) ~[na:na]
	... 9 common frames omitted
2022-09-14 18:28:44,106 [Worker-4: Repository registry initialization] WARN  o.e.m.c.internal.embedder.MavenImpl - Failed to decrypt password for server apx: org.sonatype.plexus.components.sec.dispatcher.SecDispatcherException: java.io.FileNotFoundException: C:\Users\jstor\.m2\settings-security.xml (El sistema no puede encontrar el archivo especificado)
org.sonatype.plexus.components.sec.dispatcher.SecDispatcherException: org.sonatype.plexus.components.sec.dispatcher.SecDispatcherException: java.io.FileNotFoundException: C:\Users\jstor\.m2\settings-security.xml (El sistema no puede encontrar el archivo especificado)
	at org.sonatype.plexus.components.sec.dispatcher.DefaultSecDispatcher.decrypt(DefaultSecDispatcher.java:140) ~[na:na]
	at org.apache.maven.settings.crypto.DefaultSettingsDecrypter.decrypt(DefaultSettingsDecrypter.java:114) ~[na:na]
	at org.apache.maven.settings.crypto.DefaultSettingsDecrypter.decrypt(DefaultSettingsDecrypter.java:70) ~[na:na]
	at org.eclipse.m2e.core.internal.embedder.MavenImpl.decryptPassword(MavenImpl.java:559) ~[na:na]
	at org.eclipse.m2e.core.internal.repository.RepositoryRegistry.getAuthenticationInfo(RepositoryRegistry.java:217) ~[na:na]
	at org.eclipse.m2e.core.internal.repository.RepositoryRegistry.updateRegistry(RepositoryRegistry.java:261) ~[na:na]
	at org.eclipse.m2e.core.internal.repository.RepositoryRegistryUpdateJob.run(RepositoryRegistryUpdateJob.java:50) ~[na:na]
	at org.eclipse.core.internal.jobs.Worker.run(Worker.java:63) ~[org.eclipse.core.jobs_3.13.0.v20220512-1935.jar:na]
Caused by: org.sonatype.plexus.components.sec.dispatcher.SecDispatcherException: java.io.FileNotFoundException: C:\Users\jstor\.m2\settings-security.xml (El sistema no puede encontrar el archivo especificado)
	at org.sonatype.plexus.components.sec.dispatcher.SecUtil.read(SecUtil.java:66) ~[na:na]
	at org.sonatype.plexus.components.sec.dispatcher.DefaultSecDispatcher.getSec(DefaultSecDispatcher.java:229) ~[na:na]
	at org.sonatype.plexus.components.sec.dispatcher.DefaultSecDispatcher.decrypt(DefaultSecDispatcher.java:109) ~[na:na]
	... 7 common frames omitted
Caused by: java.io.FileNotFoundException: C:\Users\jstor\.m2\settings-security.xml (El sistema no puede encontrar el archivo especificado)
	at java.base/java.io.FileInputStream.open0(Native Method) ~[na:na]
	at java.base/java.io.FileInputStream.open(FileInputStream.java:216) ~[na:na]
	at java.base/java.io.FileInputStream.<init>(FileInputStream.java:157) ~[na:na]
	at java.base/java.io.FileInputStream.<init>(FileInputStream.java:111) ~[na:na]
	at org.sonatype.plexus.components.sec.dispatcher.SecUtil.toStream(SecUtil.java:95) ~[na:na]
	at org.sonatype.plexus.components.sec.dispatcher.SecUtil.read(SecUtil.java:53) ~[na:na]
	... 9 common frames omitted
2022-09-15 10:22:12,762 [Worker-3: Loading available Gradle versions] INFO  o.e.b.c.i.u.g.PublishedGradleVersions - Gradle version information cache is up-to-date. Trying to read.
2022-09-15 10:22:22,811 [Worker-0: Repository registry initialization] WARN  o.e.m.c.internal.embedder.MavenImpl - Failed to decrypt password for server apx: org.sonatype.plexus.components.sec.dispatcher.SecDispatcherException: java.io.FileNotFoundException: C:\Users\jstor\.m2\settings-security.xml (El sistema no puede encontrar el archivo especificado)
org.sonatype.plexus.components.sec.dispatcher.SecDispatcherException: org.sonatype.plexus.components.sec.dispatcher.SecDispatcherException: java.io.FileNotFoundException: C:\Users\jstor\.m2\settings-security.xml (El sistema no puede encontrar el archivo especificado)
	at org.sonatype.plexus.components.sec.dispatcher.DefaultSecDispatcher.decrypt(DefaultSecDispatcher.java:140) ~[na:na]
	at org.apache.maven.settings.crypto.DefaultSettingsDecrypter.decrypt(DefaultSettingsDecrypter.java:114) ~[na:na]
	at org.apache.maven.settings.crypto.DefaultSettingsDecrypter.decrypt(DefaultSettingsDecrypter.java:70) ~[na:na]
	at org.eclipse.m2e.core.internal.embedder.MavenImpl.decryptPassword(MavenImpl.java:559) ~[na:na]
	at org.eclipse.m2e.core.internal.repository.RepositoryRegistry.getAuthenticationInfo(RepositoryRegistry.java:217) ~[na:na]
	at org.eclipse.m2e.core.internal.repository.RepositoryRegistry.updateRegistry(RepositoryRegistry.java:261) ~[na:na]
	at org.eclipse.m2e.core.internal.repository.RepositoryRegistryUpdateJob.run(RepositoryRegistryUpdateJob.java:50) ~[na:na]
	at org.eclipse.core.internal.jobs.Worker.run(Worker.java:63) ~[org.eclipse.core.jobs_3.13.0.v20220512-1935.jar:na]
Caused by: org.sonatype.plexus.components.sec.dispatcher.SecDispatcherException: java.io.FileNotFoundException: C:\Users\jstor\.m2\settings-security.xml (El sistema no puede encontrar el archivo especificado)
	at org.sonatype.plexus.components.sec.dispatcher.SecUtil.read(SecUtil.java:66) ~[na:na]
	at org.sonatype.plexus.components.sec.dispatcher.DefaultSecDispatcher.getSec(DefaultSecDispatcher.java:229) ~[na:na]
	at org.sonatype.plexus.components.sec.dispatcher.DefaultSecDispatcher.decrypt(DefaultSecDispatcher.java:109) ~[na:na]
	... 7 common frames omitted
Caused by: java.io.FileNotFoundException: C:\Users\jstor\.m2\settings-security.xml (El sistema no puede encontrar el archivo especificado)
	at java.base/java.io.FileInputStream.open0(Native Method) ~[na:na]
	at java.base/java.io.FileInputStream.open(FileInputStream.java:216) ~[na:na]
	at java.base/java.io.FileInputStream.<init>(FileInputStream.java:157) ~[na:na]
	at java.base/java.io.FileInputStream.<init>(FileInputStream.java:111) ~[na:na]
	at org.sonatype.plexus.components.sec.dispatcher.SecUtil.toStream(SecUtil.java:95) ~[na:na]
	at org.sonatype.plexus.components.sec.dispatcher.SecUtil.read(SecUtil.java:53) ~[na:na]
	... 9 common frames omitted
2022-09-15 10:22:22,841 [Worker-0: Repository registry initialization] WARN  o.e.m.c.internal.embedder.MavenImpl - Failed to decrypt password for server apx: org.sonatype.plexus.components.sec.dispatcher.SecDispatcherException: java.io.FileNotFoundException: C:\Users\jstor\.m2\settings-security.xml (El sistema no puede encontrar el archivo especificado)
org.sonatype.plexus.components.sec.dispatcher.SecDispatcherException: org.sonatype.plexus.components.sec.dispatcher.SecDispatcherException: java.io.FileNotFoundException: C:\Users\jstor\.m2\settings-security.xml (El sistema no puede encontrar el archivo especificado)
	at org.sonatype.plexus.components.sec.dispatcher.DefaultSecDispatcher.decrypt(DefaultSecDispatcher.java:140) ~[na:na]
	at org.apache.maven.settings.crypto.DefaultSettingsDecrypter.decrypt(DefaultSettingsDecrypter.java:114) ~[na:na]
	at org.apache.maven.settings.crypto.DefaultSettingsDecrypter.decrypt(DefaultSettingsDecrypter.java:70) ~[na:na]
	at org.eclipse.m2e.core.internal.embedder.MavenImpl.decryptPassword(MavenImpl.java:559) ~[na:na]
	at org.eclipse.m2e.core.internal.repository.RepositoryRegistry.getAuthenticationInfo(RepositoryRegistry.java:217) ~[na:na]
	at org.eclipse.m2e.core.internal.repository.RepositoryRegistry.updateRegistry(RepositoryRegistry.java:261) ~[na:na]
	at org.eclipse.m2e.core.internal.repository.RepositoryRegistryUpdateJob.run(RepositoryRegistryUpdateJob.java:50) ~[na:na]
	at org.eclipse.core.internal.jobs.Worker.run(Worker.java:63) ~[org.eclipse.core.jobs_3.13.0.v20220512-1935.jar:na]
Caused by: org.sonatype.plexus.components.sec.dispatcher.SecDispatcherException: java.io.FileNotFoundException: C:\Users\jstor\.m2\settings-security.xml (El sistema no puede encontrar el archivo especificado)
	at org.sonatype.plexus.components.sec.dispatcher.SecUtil.read(SecUtil.java:66) ~[na:na]
	at org.sonatype.plexus.components.sec.dispatcher.DefaultSecDispatcher.getSec(DefaultSecDispatcher.java:229) ~[na:na]
	at org.sonatype.plexus.components.sec.dispatcher.DefaultSecDispatcher.decrypt(DefaultSecDispatcher.java:109) ~[na:na]
	... 7 common frames omitted
Caused by: java.io.FileNotFoundException: C:\Users\jstor\.m2\settings-security.xml (El sistema no puede encontrar el archivo especificado)
	at java.base/java.io.FileInputStream.open0(Native Method) ~[na:na]
	at java.base/java.io.FileInputStream.open(FileInputStream.java:216) ~[na:na]
	at java.base/java.io.FileInputStream.<init>(FileInputStream.java:157) ~[na:na]
	at java.base/java.io.FileInputStream.<init>(FileInputStream.java:111) ~[na:na]
	at org.sonatype.plexus.components.sec.dispatcher.SecUtil.toStream(SecUtil.java:95) ~[na:na]
	at org.sonatype.plexus.components.sec.dispatcher.SecUtil.read(SecUtil.java:53) ~[na:na]
	... 9 common frames omitted
2022-09-15 19:59:54,298 [Worker-1: Loading available Gradle versions] INFO  o.e.b.c.i.u.g.PublishedGradleVersions - Gradle version information cache is out-of-date. Trying to update.
2022-09-15 20:00:03,788 [Worker-0: Repository registry initialization] WARN  o.e.m.c.internal.embedder.MavenImpl - Failed to decrypt password for server apx: org.sonatype.plexus.components.sec.dispatcher.SecDispatcherException: java.io.FileNotFoundException: C:\Users\jstor\.m2\settings-security.xml (El sistema no puede encontrar el archivo especificado)
org.sonatype.plexus.components.sec.dispatcher.SecDispatcherException: org.sonatype.plexus.components.sec.dispatcher.SecDispatcherException: java.io.FileNotFoundException: C:\Users\jstor\.m2\settings-security.xml (El sistema no puede encontrar el archivo especificado)
	at org.sonatype.plexus.components.sec.dispatcher.DefaultSecDispatcher.decrypt(DefaultSecDispatcher.java:140) ~[na:na]
	at org.apache.maven.settings.crypto.DefaultSettingsDecrypter.decrypt(DefaultSettingsDecrypter.java:114) ~[na:na]
	at org.apache.maven.settings.crypto.DefaultSettingsDecrypter.decrypt(DefaultSettingsDecrypter.java:70) ~[na:na]
	at org.eclipse.m2e.core.internal.embedder.MavenImpl.decryptPassword(MavenImpl.java:559) ~[na:na]
	at org.eclipse.m2e.core.internal.repository.RepositoryRegistry.getAuthenticationInfo(RepositoryRegistry.java:217) ~[na:na]
	at org.eclipse.m2e.core.internal.repository.RepositoryRegistry.updateRegistry(RepositoryRegistry.java:261) ~[na:na]
	at org.eclipse.m2e.core.internal.repository.RepositoryRegistryUpdateJob.run(RepositoryRegistryUpdateJob.java:50) ~[na:na]
	at org.eclipse.core.internal.jobs.Worker.run(Worker.java:63) ~[org.eclipse.core.jobs_3.13.0.v20220512-1935.jar:na]
Caused by: org.sonatype.plexus.components.sec.dispatcher.SecDispatcherException: java.io.FileNotFoundException: C:\Users\jstor\.m2\settings-security.xml (El sistema no puede encontrar el archivo especificado)
	at org.sonatype.plexus.components.sec.dispatcher.SecUtil.read(SecUtil.java:66) ~[na:na]
	at org.sonatype.plexus.components.sec.dispatcher.DefaultSecDispatcher.getSec(DefaultSecDispatcher.java:229) ~[na:na]
	at org.sonatype.plexus.components.sec.dispatcher.DefaultSecDispatcher.decrypt(DefaultSecDispatcher.java:109) ~[na:na]
	... 7 common frames omitted
Caused by: java.io.FileNotFoundException: C:\Users\jstor\.m2\settings-security.xml (El sistema no puede encontrar el archivo especificado)
	at java.base/java.io.FileInputStream.open0(Native Method) ~[na:na]
	at java.base/java.io.FileInputStream.open(FileInputStream.java:216) ~[na:na]
	at java.base/java.io.FileInputStream.<init>(FileInputStream.java:157) ~[na:na]
	at java.base/java.io.FileInputStream.<init>(FileInputStream.java:111) ~[na:na]
	at org.sonatype.plexus.components.sec.dispatcher.SecUtil.toStream(SecUtil.java:95) ~[na:na]
	at org.sonatype.plexus.components.sec.dispatcher.SecUtil.read(SecUtil.java:53) ~[na:na]
	... 9 common frames omitted
2022-09-15 20:00:03,810 [Worker-0: Repository registry initialization] WARN  o.e.m.c.internal.embedder.MavenImpl - Failed to decrypt password for server apx: org.sonatype.plexus.components.sec.dispatcher.SecDispatcherException: java.io.FileNotFoundException: C:\Users\jstor\.m2\settings-security.xml (El sistema no puede encontrar el archivo especificado)
org.sonatype.plexus.components.sec.dispatcher.SecDispatcherException: org.sonatype.plexus.components.sec.dispatcher.SecDispatcherException: java.io.FileNotFoundException: C:\Users\jstor\.m2\settings-security.xml (El sistema no puede encontrar el archivo especificado)
	at org.sonatype.plexus.components.sec.dispatcher.DefaultSecDispatcher.decrypt(DefaultSecDispatcher.java:140) ~[na:na]
	at org.apache.maven.settings.crypto.DefaultSettingsDecrypter.decrypt(DefaultSettingsDecrypter.java:114) ~[na:na]
	at org.apache.maven.settings.crypto.DefaultSettingsDecrypter.decrypt(DefaultSettingsDecrypter.java:70) ~[na:na]
	at org.eclipse.m2e.core.internal.embedder.MavenImpl.decryptPassword(MavenImpl.java:559) ~[na:na]
	at org.eclipse.m2e.core.internal.repository.RepositoryRegistry.getAuthenticationInfo(RepositoryRegistry.java:217) ~[na:na]
	at org.eclipse.m2e.core.internal.repository.RepositoryRegistry.updateRegistry(RepositoryRegistry.java:261) ~[na:na]
	at org.eclipse.m2e.core.internal.repository.RepositoryRegistryUpdateJob.run(RepositoryRegistryUpdateJob.java:50) ~[na:na]
	at org.eclipse.core.internal.jobs.Worker.run(Worker.java:63) ~[org.eclipse.core.jobs_3.13.0.v20220512-1935.jar:na]
Caused by: org.sonatype.plexus.components.sec.dispatcher.SecDispatcherException: java.io.FileNotFoundException: C:\Users\jstor\.m2\settings-security.xml (El sistema no puede encontrar el archivo especificado)
	at org.sonatype.plexus.components.sec.dispatcher.SecUtil.read(SecUtil.java:66) ~[na:na]
	at org.sonatype.plexus.components.sec.dispatcher.DefaultSecDispatcher.getSec(DefaultSecDispatcher.java:229) ~[na:na]
	at org.sonatype.plexus.components.sec.dispatcher.DefaultSecDispatcher.decrypt(DefaultSecDispatcher.java:109) ~[na:na]
	... 7 common frames omitted
Caused by: java.io.FileNotFoundException: C:\Users\jstor\.m2\settings-security.xml (El sistema no puede encontrar el archivo especificado)
	at java.base/java.io.FileInputStream.open0(Native Method) ~[na:na]
	at java.base/java.io.FileInputStream.open(FileInputStream.java:216) ~[na:na]
	at java.base/java.io.FileInputStream.<init>(FileInputStream.java:157) ~[na:na]
	at java.base/java.io.FileInputStream.<init>(FileInputStream.java:111) ~[na:na]
	at org.sonatype.plexus.components.sec.dispatcher.SecUtil.toStream(SecUtil.java:95) ~[na:na]
	at org.sonatype.plexus.components.sec.dispatcher.SecUtil.read(SecUtil.java:53) ~[na:na]
	... 9 common frames omitted
2022-09-21 20:20:22,569 [Worker-2: Loading available Gradle versions] INFO  o.e.b.c.i.u.g.PublishedGradleVersions - Gradle version information cache is up-to-date. Trying to read.
2022-09-21 20:20:35,528 [Worker-3: Repository registry initialization] WARN  o.e.m.c.internal.embedder.MavenImpl - Failed to decrypt password for server apx: org.sonatype.plexus.components.sec.dispatcher.SecDispatcherException: java.io.FileNotFoundException: C:\Users\jstor\.m2\settings-security.xml (El sistema no puede encontrar el archivo especificado)
org.sonatype.plexus.components.sec.dispatcher.SecDispatcherException: org.sonatype.plexus.components.sec.dispatcher.SecDispatcherException: java.io.FileNotFoundException: C:\Users\jstor\.m2\settings-security.xml (El sistema no puede encontrar el archivo especificado)
	at org.sonatype.plexus.components.sec.dispatcher.DefaultSecDispatcher.decrypt(DefaultSecDispatcher.java:140) ~[na:na]
	at org.apache.maven.settings.crypto.DefaultSettingsDecrypter.decrypt(DefaultSettingsDecrypter.java:114) ~[na:na]
	at org.apache.maven.settings.crypto.DefaultSettingsDecrypter.decrypt(DefaultSettingsDecrypter.java:70) ~[na:na]
	at org.eclipse.m2e.core.internal.embedder.MavenImpl.decryptPassword(MavenImpl.java:559) ~[na:na]
	at org.eclipse.m2e.core.internal.repository.RepositoryRegistry.getAuthenticationInfo(RepositoryRegistry.java:217) ~[na:na]
	at org.eclipse.m2e.core.internal.repository.RepositoryRegistry.updateRegistry(RepositoryRegistry.java:261) ~[na:na]
	at org.eclipse.m2e.core.internal.repository.RepositoryRegistryUpdateJob.run(RepositoryRegistryUpdateJob.java:50) ~[na:na]
	at org.eclipse.core.internal.jobs.Worker.run(Worker.java:63) ~[org.eclipse.core.jobs_3.13.0.v20220512-1935.jar:na]
Caused by: org.sonatype.plexus.components.sec.dispatcher.SecDispatcherException: java.io.FileNotFoundException: C:\Users\jstor\.m2\settings-security.xml (El sistema no puede encontrar el archivo especificado)
	at org.sonatype.plexus.components.sec.dispatcher.SecUtil.read(SecUtil.java:66) ~[na:na]
	at org.sonatype.plexus.components.sec.dispatcher.DefaultSecDispatcher.getSec(DefaultSecDispatcher.java:229) ~[na:na]
	at org.sonatype.plexus.components.sec.dispatcher.DefaultSecDispatcher.decrypt(DefaultSecDispatcher.java:109) ~[na:na]
	... 7 common frames omitted
Caused by: java.io.FileNotFoundException: C:\Users\jstor\.m2\settings-security.xml (El sistema no puede encontrar el archivo especificado)
	at java.base/java.io.FileInputStream.open0(Native Method) ~[na:na]
	at java.base/java.io.FileInputStream.open(FileInputStream.java:216) ~[na:na]
	at java.base/java.io.FileInputStream.<init>(FileInputStream.java:157) ~[na:na]
	at java.base/java.io.FileInputStream.<init>(FileInputStream.java:111) ~[na:na]
	at org.sonatype.plexus.components.sec.dispatcher.SecUtil.toStream(SecUtil.java:95) ~[na:na]
	at org.sonatype.plexus.components.sec.dispatcher.SecUtil.read(SecUtil.java:53) ~[na:na]
	... 9 common frames omitted
2022-09-21 20:20:35,554 [Worker-3: Repository registry initialization] WARN  o.e.m.c.internal.embedder.MavenImpl - Failed to decrypt password for server apx: org.sonatype.plexus.components.sec.dispatcher.SecDispatcherException: java.io.FileNotFoundException: C:\Users\jstor\.m2\settings-security.xml (El sistema no puede encontrar el archivo especificado)
org.sonatype.plexus.components.sec.dispatcher.SecDispatcherException: org.sonatype.plexus.components.sec.dispatcher.SecDispatcherException: java.io.FileNotFoundException: C:\Users\jstor\.m2\settings-security.xml (El sistema no puede encontrar el archivo especificado)
	at org.sonatype.plexus.components.sec.dispatcher.DefaultSecDispatcher.decrypt(DefaultSecDispatcher.java:140) ~[na:na]
	at org.apache.maven.settings.crypto.DefaultSettingsDecrypter.decrypt(DefaultSettingsDecrypter.java:114) ~[na:na]
	at org.apache.maven.settings.crypto.DefaultSettingsDecrypter.decrypt(DefaultSettingsDecrypter.java:70) ~[na:na]
	at org.eclipse.m2e.core.internal.embedder.MavenImpl.decryptPassword(MavenImpl.java:559) ~[na:na]
	at org.eclipse.m2e.core.internal.repository.RepositoryRegistry.getAuthenticationInfo(RepositoryRegistry.java:217) ~[na:na]
	at org.eclipse.m2e.core.internal.repository.RepositoryRegistry.updateRegistry(RepositoryRegistry.java:261) ~[na:na]
	at org.eclipse.m2e.core.internal.repository.RepositoryRegistryUpdateJob.run(RepositoryRegistryUpdateJob.java:50) ~[na:na]
	at org.eclipse.core.internal.jobs.Worker.run(Worker.java:63) ~[org.eclipse.core.jobs_3.13.0.v20220512-1935.jar:na]
Caused by: org.sonatype.plexus.components.sec.dispatcher.SecDispatcherException: java.io.FileNotFoundException: C:\Users\jstor\.m2\settings-security.xml (El sistema no puede encontrar el archivo especificado)
	at org.sonatype.plexus.components.sec.dispatcher.SecUtil.read(SecUtil.java:66) ~[na:na]
	at org.sonatype.plexus.components.sec.dispatcher.DefaultSecDispatcher.getSec(DefaultSecDispatcher.java:229) ~[na:na]
	at org.sonatype.plexus.components.sec.dispatcher.DefaultSecDispatcher.decrypt(DefaultSecDispatcher.java:109) ~[na:na]
	... 7 common frames omitted
Caused by: java.io.FileNotFoundException: C:\Users\jstor\.m2\settings-security.xml (El sistema no puede encontrar el archivo especificado)
	at java.base/java.io.FileInputStream.open0(Native Method) ~[na:na]
	at java.base/java.io.FileInputStream.open(FileInputStream.java:216) ~[na:na]
	at java.base/java.io.FileInputStream.<init>(FileInputStream.java:157) ~[na:na]
	at java.base/java.io.FileInputStream.<init>(FileInputStream.java:111) ~[na:na]
	at org.sonatype.plexus.components.sec.dispatcher.SecUtil.toStream(SecUtil.java:95) ~[na:na]
	at org.sonatype.plexus.components.sec.dispatcher.SecUtil.read(SecUtil.java:53) ~[na:na]
	... 9 common frames omitted
2022-09-26 18:28:21,132 [Worker-1: Loading available Gradle versions] INFO  o.e.b.c.i.u.g.PublishedGradleVersions - Gradle version information cache is out-of-date. Trying to update.
